mode: set
cleancode/controllers/bookController.go:13.50,15.16 2 1
cleancode/controllers/bookController.go:19.2,19.22 1 1
cleancode/controllers/bookController.go:23.2,23.78 1 1
cleancode/controllers/bookController.go:15.16,17.3 1 1
cleancode/controllers/bookController.go:19.22,21.3 1 1
cleancode/controllers/bookController.go:26.52,28.20 2 1
cleancode/controllers/bookController.go:32.2,33.16 2 1
cleancode/controllers/bookController.go:37.2,37.22 1 1
cleancode/controllers/bookController.go:41.2,41.77 1 1
cleancode/controllers/bookController.go:28.20,30.3 1 1
cleancode/controllers/bookController.go:33.16,35.3 1 1
cleancode/controllers/bookController.go:37.22,39.3 1 1
cleancode/controllers/bookController.go:44.50,49.16 4 1
cleancode/controllers/bookController.go:53.2,53.80 1 1
cleancode/controllers/bookController.go:49.16,51.3 1 1
cleancode/controllers/bookController.go:56.49,58.20 2 1
cleancode/controllers/bookController.go:62.2,63.16 2 1
cleancode/controllers/bookController.go:67.2,67.22 1 1
cleancode/controllers/bookController.go:71.2,71.80 1 1
cleancode/controllers/bookController.go:58.20,60.3 1 1
cleancode/controllers/bookController.go:63.16,65.3 1 1
cleancode/controllers/bookController.go:67.22,69.3 1 1
cleancode/controllers/bookController.go:74.49,76.20 2 1
cleancode/controllers/bookController.go:80.2,84.16 4 1
cleancode/controllers/bookController.go:88.2,88.22 1 1
cleancode/controllers/bookController.go:92.2,92.84 1 1
cleancode/controllers/bookController.go:76.20,78.3 1 1
cleancode/controllers/bookController.go:84.16,86.3 1 1
cleancode/controllers/bookController.go:88.22,90.3 1 1
cleancode/controllers/bookController.go:95.43,97.2 1 1
cleancode/controllers/bookController.go:99.43,101.2 1 1
cleancode/controllers/userController.go:14.50,16.16 2 1
cleancode/controllers/userController.go:20.2,20.22 1 1
cleancode/controllers/userController.go:24.2,24.74 1 1
cleancode/controllers/userController.go:16.16,18.3 1 1
cleancode/controllers/userController.go:20.22,22.3 1 1
cleancode/controllers/userController.go:27.52,29.20 2 1
cleancode/controllers/userController.go:33.2,34.28 2 1
cleancode/controllers/userController.go:38.2,39.16 2 1
cleancode/controllers/userController.go:43.2,43.22 1 1
cleancode/controllers/userController.go:47.2,47.73 1 1
cleancode/controllers/userController.go:29.20,31.3 1 1
cleancode/controllers/userController.go:34.28,36.3 1 1
cleancode/controllers/userController.go:39.16,41.3 1 1
cleancode/controllers/userController.go:43.22,45.3 1 0
cleancode/controllers/userController.go:50.50,55.16 4 1
cleancode/controllers/userController.go:59.2,59.76 1 1
cleancode/controllers/userController.go:55.16,57.3 1 1
cleancode/controllers/userController.go:62.49,64.20 2 1
cleancode/controllers/userController.go:68.2,69.28 2 1
cleancode/controllers/userController.go:73.2,74.16 2 1
cleancode/controllers/userController.go:78.2,78.22 1 1
cleancode/controllers/userController.go:82.2,82.76 1 1
cleancode/controllers/userController.go:64.20,66.3 1 1
cleancode/controllers/userController.go:69.28,71.3 1 1
cleancode/controllers/userController.go:74.16,76.3 1 1
cleancode/controllers/userController.go:78.22,80.3 1 0
cleancode/controllers/userController.go:85.49,87.20 2 1
cleancode/controllers/userController.go:91.2,92.28 2 1
cleancode/controllers/userController.go:96.2,100.16 4 0
cleancode/controllers/userController.go:104.2,104.22 1 0
cleancode/controllers/userController.go:108.2,108.80 1 0
cleancode/controllers/userController.go:87.20,89.3 1 1
cleancode/controllers/userController.go:92.28,94.3 1 1
cleancode/controllers/userController.go:100.16,102.3 1 0
cleancode/controllers/userController.go:104.22,106.3 1 0
cleancode/controllers/userController.go:111.48,116.16 4 1
cleancode/controllers/userController.go:120.2,120.79 1 1
cleancode/controllers/userController.go:116.16,118.3 1 1
cleancode/controllers/userController.go:123.57,125.2 1 1
cleancode/controllers/userController.go:127.50,129.2 1 1
cleancode/controllers/userController.go:131.49,133.2 1 1
